<?xml version="1.0" encoding="UTF-8"?>
<!-- Generated by org.testng.reporters.JUnitXMLReporter -->
<testsuite ignored="3" hostname="LAPTOP-EDHN918S" failures="0" tests="1" name="Test" time="0.071" errors="0" timestamp="2025-01-23T22:34:34 IST">
  <testcase classname="mobiles_deal.orderlaptops" name="orderusinghover" time="0.034"/>
  <testcase classname="mobiles_deal.LoginTest" name="logintest" time="0.0">
    <ignored/>
  </testcase> <!-- logintest -->
  <testcase classname="mobiles_deal.Actions" name="mouseinteractions" time="0.0">
    <ignored/>
  </testcase> <!-- mouseinteractions -->
  <testcase classname="mobiles_deal.LoginTest" name="ordermobilehere" time="0.0">
    <ignored/>
  </testcase> <!-- ordermobilehere -->
</testsuite> <!-- Test -->
