<?xml version="1.0" encoding="UTF-8"?>
<testng-results ignored="0" total="1" passed="1" failed="0" skipped="0">
  <reporter-output>
  </reporter-output>
  <suite started-at="2025-02-08T20:27:39 IST" name="Default suite" finished-at="2025-02-08T20:28:58 IST" duration-ms="79000">
    <groups>
      <group name="smoke">
        <method signature="TC_AMZ_002.orderphone()[pri:0, instance:ordersAmzn.TC_AMZ_002@67c27493]" name="orderphone" class="ordersAmzn.TC_AMZ_002"/>
      </group> <!-- smoke -->
    </groups>
    <test started-at="2025-02-08T20:27:39 IST" name="Default test" finished-at="2025-02-08T20:28:58 IST" duration-ms="79000">
      <class name="ordersAmzn.TC_AMZ_002">
        <test-method is-config="true" signature="initialsetup()[pri:0, instance:ordersAmzn.TC_AMZ_002@67c27493]" started-at="2025-02-08T20:27:39 IST" name="initialsetup" finished-at="2025-02-08T20:28:03 IST" duration-ms="24103" status="PASS">
          <reporter-output>
          </reporter-output>
        </test-method> <!-- initialsetup -->
        <test-method signature="orderphone()[pri:0, instance:ordersAmzn.TC_AMZ_002@67c27493]" started-at="2025-02-08T20:28:03 IST" name="orderphone" finished-at="2025-02-08T20:28:58 IST" duration-ms="54622" status="PASS">
          <reporter-output>
          </reporter-output>
        </test-method> <!-- orderphone -->
        <test-method is-config="true" signature="closebrowser()[pri:0, instance:ordersAmzn.TC_AMZ_002@67c27493]" started-at="2025-02-08T20:28:58 IST" name="closebrowser" finished-at="2025-02-08T20:28:58 IST" duration-ms="213" status="PASS">
          <reporter-output>
          </reporter-output>
        </test-method> <!-- closebrowser -->
      </class> <!-- ordersAmzn.TC_AMZ_002 -->
    </test> <!-- Default test -->
  </suite> <!-- Default suite -->
</testng-results>
