<?xml version="1.0" encoding="UTF-8"?>
<testng-results ignored="0" total="1" passed="1" failed="0" skipped="0">
  <reporter-output>
  </reporter-output>
  <suite started-at="2025-02-20T09:48:10 IST" name="Default suite" finished-at="2025-02-20T09:49:14 IST" duration-ms="64814">
    <groups>
      <group name="smoke">
        <method signature="TC_AMZ_002.orderphone()[pri:0, instance:ordersAmzn.TC_AMZ_002@293a5bf6]" name="orderphone" class="ordersAmzn.TC_AMZ_002"/>
      </group> <!-- smoke -->
    </groups>
    <test started-at="2025-02-20T09:48:10 IST" name="Default test" finished-at="2025-02-20T09:49:14 IST" duration-ms="64814">
      <class name="ordersAmzn.TC_AMZ_002">
        <test-method is-config="true" signature="initialsetup()[pri:0, instance:ordersAmzn.TC_AMZ_002@293a5bf6]" started-at="2025-02-20T09:48:10 IST" name="initialsetup" finished-at="2025-02-20T09:48:16 IST" duration-ms="6579" status="PASS">
          <reporter-output>
          </reporter-output>
        </test-method> <!-- initialsetup -->
        <test-method signature="orderphone()[pri:0, instance:ordersAmzn.TC_AMZ_002@293a5bf6]" started-at="2025-02-20T09:48:16 IST" name="orderphone" finished-at="2025-02-20T09:49:14 IST" duration-ms="58189" status="PASS">
          <reporter-output>
          </reporter-output>
        </test-method> <!-- orderphone -->
        <test-method is-config="true" signature="closebrowser()[pri:0, instance:ordersAmzn.TC_AMZ_002@293a5bf6]" started-at="2025-02-20T09:49:14 IST" name="closebrowser" finished-at="2025-02-20T09:49:14 IST" duration-ms="0" status="PASS">
          <reporter-output>
          </reporter-output>
        </test-method> <!-- closebrowser -->
      </class> <!-- ordersAmzn.TC_AMZ_002 -->
    </test> <!-- Default test -->
  </suite> <!-- Default suite -->
</testng-results>
